<?xml version="1.0" encoding="utf-8"?><testsuites name="pytest tests"><testsuite name="pytest" errors="0" failures="0" skipped="0" tests="25" time="5.691" timestamp="2026-02-24T09:45:13.362685+00:00" hostname="agent-env-139c2111-5b24-409f-be1b-3b1a42e71462"><testcase classname="backend.tests.test_scholarship_applications.TestCreateScholarshipApplication" name="test_create_application_success" time="0.211" /><testcase classname="backend.tests.test_scholarship_applications.TestCreateScholarshipApplication" name="test_create_application_minimal_fields" time="0.105" /><testcase classname="backend.tests.test_scholarship_applications.TestCreateScholarshipApplication" name="test_create_application_with_utm_tracking" time="0.354" /><testcase classname="backend.tests.test_scholarship_applications.TestCreateScholarshipApplication" name="test_create_application_duplicate_email_blocked" time="0.207" /><testcase classname="backend.tests.test_scholarship_applications.TestCreateScholarshipApplication" name="test_create_application_missing_required_fields" time="0.154" /><testcase classname="backend.tests.test_scholarship_applications.TestGetScholarshipApplications" name="test_admin_can_see_all_applications" time="0.222" /><testcase classname="backend.tests.test_scholarship_applications.TestGetScholarshipApplications" name="test_counselor_sees_own_referrals" time="0.253" /><testcase classname="backend.tests.test_scholarship_applications.TestGetScholarshipApplications" name="test_filter_by_status" time="0.116" /><testcase classname="backend.tests.test_scholarship_applications.TestGetScholarshipApplications" name="test_search_applications" time="0.104" /><testcase classname="backend.tests.test_scholarship_applications.TestGetScholarshipApplications" name="test_pagination" time="0.103" /><testcase classname="backend.tests.test_scholarship_applications.TestGetScholarshipApplications" name="test_unauthenticated_access_denied" time="0.110" /><testcase classname="backend.tests.test_scholarship_applications.TestScholarshipApplicationStats" name="test_admin_gets_stats" time="0.214" /><testcase classname="backend.tests.test_scholarship_applications.TestScholarshipApplicationStats" name="test_counselor_gets_own_stats" time="0.199" /><testcase classname="backend.tests.test_scholarship_applications.TestUpdateScholarshipApplication" name="test_admin_can_update_status" time="0.304" /><testcase classname="backend.tests.test_scholarship_applications.TestUpdateScholarshipApplication" name="test_admin_can_add_notes" time="0.103" /><testcase classname="backend.tests.test_scholarship_applications.TestUpdateScholarshipApplication" name="test_admin_can_assign_counselor" time="0.307" /><testcase classname="backend.tests.test_scholarship_applications.TestUpdateScholarshipApplication" name="test_invalid_status_rejected" time="0.105" /><testcase classname="backend.tests.test_scholarship_applications.TestUpdateScholarshipApplication" name="test_all_valid_statuses" time="0.729" /><testcase classname="backend.tests.test_scholarship_applications.TestCounselorUTMLink" name="test_counselor_gets_utm_link" time="0.197" /><testcase classname="backend.tests.test_scholarship_applications.TestCounselorUTMLink" name="test_admin_gets_utm_link" time="0.213" /><testcase classname="backend.tests.test_scholarship_applications.TestCounselorUTMLink" name="test_unauthenticated_access_denied" time="0.095" /><testcase classname="backend.tests.test_scholarship_applications.TestGetSingleApplication" name="test_admin_can_get_any_application" time="0.303" /><testcase classname="backend.tests.test_scholarship_applications.TestGetSingleApplication" name="test_not_found_application" time="0.097" /><testcase classname="backend.tests.test_scholarship_applications.TestDeleteScholarshipApplication" name="test_admin_can_delete_application" time="0.431" /><testcase classname="backend.tests.test_scholarship_applications.TestDeleteScholarshipApplication" name="test_counselor_cannot_delete" time="0.310" /></testsuite></testsuites>