<?xml version="1.0" encoding="utf-8"?><testsuites name="pytest tests"><testsuite name="pytest" errors="0" failures="0" skipped="0" tests="15" time="19.693" timestamp="2026-02-24T15:24:19.603945+00:00" hostname="agent-env-c20a0234-2da2-4e5e-9c84-3f51d83b11c1"><testcase classname="backend.tests.test_iteration17_mysql_data.TestDashboardStats" name="test_total_courses_count_is_2000_plus" time="1.263" /><testcase classname="backend.tests.test_iteration17_mysql_data.TestDashboardStats" name="test_featured_colleges_count_is_158_plus" time="1.433" /><testcase classname="backend.tests.test_iteration17_mysql_data.TestCoursesPage" name="test_courses_pagination_returns_correct_total" time="1.217" /><testcase classname="backend.tests.test_iteration17_mysql_data.TestCoursesPage" name="test_courses_level_filter_ug" time="1.232" /><testcase classname="backend.tests.test_iteration17_mysql_data.TestCoursesPage" name="test_courses_level_filter_pg" time="0.997" /><testcase classname="backend.tests.test_iteration17_mysql_data.TestCoursesPage" name="test_courses_search_filter" time="1.459" /><testcase classname="backend.tests.test_iteration17_mysql_data.TestCollegeDetailPage" name="test_college_detail_has_highlights" time="2.166" /><testcase classname="backend.tests.test_iteration17_mysql_data.TestCollegeDetailPage" name="test_college_detail_has_courses" time="2.191" /><testcase classname="backend.tests.test_iteration17_mysql_data.TestCollegeDetailPage" name="test_college_c92_has_highlights" time="0.739" /><testcase classname="backend.tests.test_iteration17_mysql_data.TestCourseDetail" name="test_course_detail_has_fee_info" time="1.228" /><testcase classname="backend.tests.test_iteration17_mysql_data.TestFeeManagement" name="test_fees_endpoint_returns_data" time="1.706" /><testcase classname="backend.tests.test_iteration17_mysql_data.TestCollegeFilters" name="test_colleges_state_filter" time="1.441" /><testcase classname="backend.tests.test_iteration17_mysql_data.TestCollegeFilters" name="test_colleges_category_filter" time="0.995" /><testcase classname="backend.tests.test_iteration17_mysql_data.TestCollegeFilters" name="test_colleges_search_filter" time="0.734" /><testcase classname="backend.tests.test_iteration17_mysql_data.TestCoursesWithCollege" name="test_courses_with_college_returns_college_info" time="0.762" /></testsuite></testsuites>